<testsuites name="jest tests" tests="1" failures="0" time="0.703">
  <testsuite name="undefined" errors="0" failures="0" skipped="0" timestamp="2020-02-20T19:54:15" time="0.703" tests="1">
    <testcase classname=" renders without crashing" name=" renders without crashing" time="0.017">
    </testcase>
  </testsuite>
</testsuites>